# JRE version: OpenJDK Runtime Environment (23.0.1+11) (build 23.0.1+11-39)
# Java VM: OpenJDK 64-Bit Server VM (23.0.1+11-39, mixed mode, sharing, tiered, compressed oops, compressed class ptrs, g1 gc, windows-amd64)
GC Precious Log:
 CardTable entry size: 512
 Card Set container configuration: InlinePtr #cards 4 size 8 Array Of Cards #cards 16 size 48 Howl #buckets 8 coarsen threshold 3686 Howl Bitmap #cards 512 size 80 coarsen threshold 460 Card regions per heap region 1 cards per card region 4096
 CPUs: 22 total, 22 available
 Memory: 15741M
 Large Page Support: Disabled
 NUMA Support: Disabled
 Compressed Oops: Enabled (Zero based)
 Heap Region Size: 2M
 Heap Min Capacity: 8M
 Heap Initial Capacity: 246M
 Heap Max Capacity: 3936M
 Pre-touch: Disabled
 Parallel Workers: 16
 Concurrent Workers: 4
 Concurrent Refinement Workers: 16
 Periodic GC: Disabled
Heap:
 garbage-first heap   total reserved 4030464K, committed 606208K, used 56895K [0x000000070a000000, 0x0000000800000000)
  region size 2048K, 29 young (59392K), 1 survivors (2048K)
 Metaspace       used 1225K, committed 1408K, reserved 1114112K
  class space    used 100K, committed 192K, reserved 1048576K
GC Heap History (20 events):
Event: 38864.539 GC heap before
{Heap before GC invocations=2301 (full 0):
 garbage-first heap   total reserved 4030464K, committed 606208K, used 362051K [0x000000070a000000, 0x0000000800000000)
  region size 2048K, 177 young (362496K), 1 survivors (2048K)
 Metaspace       used 1225K, committed 1408K, reserved 1114112K
  class space    used 100K, committed 192K, reserved 1048576K
}
Event: 38864.542 GC heap after
{Heap after GC invocations=2302 (full 0):
 garbage-first heap   total reserved 4030464K, committed 606208K, used 1601K [0x000000070a000000, 0x0000000800000000)
  region size 2048K, 1 young (2048K), 1 survivors (2048K)
 Metaspace       used 1225K, committed 1408K, reserved 1114112K
  class space    used 100K, committed 192K, reserved 1048576K
}
Event: 38864.829 GC heap before
{Heap before GC invocations=2302 (full 0):
 garbage-first heap   total reserved 4030464K, committed 606208K, used 362049K [0x000000070a000000, 0x0000000800000000)
  region size 2048K, 177 young (362496K), 1 survivors (2048K)
 Metaspace       used 1225K, committed 1408K, reserved 1114112K
  class space    used 100K, committed 192K, reserved 1048576K
}
Event: 38864.832 GC heap after
{Heap after GC invocations=2303 (full 0):
 garbage-first heap   total reserved 4030464K, committed 606208K, used 1609K [0x000000070a000000, 0x0000000800000000)
  region size 2048K, 1 young (2048K), 1 survivors (2048K)
 Metaspace       used 1225K, committed 1408K, reserved 1114112K
  class space    used 100K, committed 192K, reserved 1048576K
}
Event: 38865.060 GC heap before
{Heap before GC invocations=2303 (full 0):
 garbage-first heap   total reserved 4030464K, committed 606208K, used 362057K [0x000000070a000000, 0x0000000800000000)
  region size 2048K, 177 young (362496K), 1 survivors (2048K)
 Metaspace       used 1225K, committed 1408K, reserved 1114112K
  class space    used 100K, committed 192K, reserved 1048576K
}
Event: 38865.062 GC heap after
{Heap after GC invocations=2304 (full 0):
 garbage-first heap   total reserved 4030464K, committed 606208K, used 1603K [0x000000070a000000, 0x0000000800000000)
  region size 2048K, 1 young (2048K), 1 survivors (2048K)
 Metaspace       used 1225K, committed 1408K, reserved 1114112K
  class space    used 100K, committed 192K, reserved 1048576K
}
Event: 38865.320 GC heap before
{Heap before GC invocations=2304 (full 0):
 garbage-first heap   total reserved 4030464K, committed 606208K, used 362051K [0x000000070a000000, 0x0000000800000000)
  region size 2048K, 177 young (362496K), 1 survivors (2048K)
 Metaspace       used 1225K, committed 1408K, reserved 1114112K
  class space    used 100K, committed 192K, reserved 1048576K
}
Event: 38865.323 GC heap after
{Heap after GC invocations=2305 (full 0):
 garbage-first heap   total reserved 4030464K, committed 606208K, used 1603K [0x000000070a000000, 0x0000000800000000)
  region size 2048K, 1 young (2048K), 1 survivors (2048K)
 Metaspace       used 1225K, committed 1408K, reserved 1114112K
  class space    used 100K, committed 192K, reserved 1048576K
}
Event: 38865.595 GC heap before
{Heap before GC invocations=2305 (full 0):
 garbage-first heap   total reserved 4030464K, committed 606208K, used 362051K [0x000000070a000000, 0x0000000800000000)
  region size 2048K, 177 young (362496K), 1 survivors (2048K)
 Metaspace       used 1225K, committed 1408K, reserved 1114112K
  class space    used 100K, committed 192K, reserved 1048576K
}
Event: 38865.598 GC heap after
{Heap after GC invocations=2306 (full 0):
 garbage-first heap   total reserved 4030464K, committed 606208K, used 1603K [0x000000070a000000, 0x0000000800000000)
  region size 2048K, 1 young (2048K), 1 survivors (2048K)
 Metaspace       used 1225K, committed 1408K, reserved 1114112K
  class space    used 100K, committed 192K, reserved 1048576K
}
Event: 38865.845 GC heap before
{Heap before GC invocations=2306 (full 0):
 garbage-first heap   total reserved 4030464K, committed 606208K, used 362051K [0x000000070a000000, 0x0000000800000000)
  region size 2048K, 177 young (362496K), 1 survivors (2048K)
 Metaspace       used 1225K, committed 1408K, reserved 1114112K
  class space    used 100K, committed 192K, reserved 1048576K
}
Event: 38865.847 GC heap after
{Heap after GC invocations=2307 (full 0):
 garbage-first heap   total reserved 4030464K, committed 606208K, used 1601K [0x000000070a000000, 0x0000000800000000)
  region size 2048K, 1 young (2048K), 1 survivors (2048K)
 Metaspace       used 1225K, committed 1408K, reserved 1114112K
  class space    used 100K, committed 192K, reserved 1048576K
}
Event: 38866.089 GC heap before
{Heap before GC invocations=2307 (full 0):
 garbage-first heap   total reserved 4030464K, committed 606208K, used 362049K [0x000000070a000000, 0x0000000800000000)
  region size 2048K, 177 young (362496K), 1 survivors (2048K)
 Metaspace       used 1225K, committed 1408K, reserved 1114112K
  class space    used 100K, committed 192K, reserved 1048576K
}
Event: 38866.093 GC heap after
{Heap after GC invocations=2308 (full 0):
 garbage-first heap   total reserved 4030464K, committed 606208K, used 1603K [0x000000070a000000, 0x0000000800000000)
  region size 2048K, 1 young (2048K), 1 survivors (2048K)
 Metaspace       used 1225K, committed 1408K, reserved 1114112K
  class space    used 100K, committed 192K, reserved 1048576K
}
Event: 38866.378 GC heap before
{Heap before GC invocations=2308 (full 0):
 garbage-first heap   total reserved 4030464K, committed 606208K, used 362051K [0x000000070a000000, 0x0000000800000000)
  region size 2048K, 177 young (362496K), 1 survivors (2048K)
 Metaspace       used 1225K, committed 1408K, reserved 1114112K
  class space    used 100K, committed 192K, reserved 1048576K
}
Event: 38866.379 GC heap after
{Heap after GC invocations=2309 (full 0):
 garbage-first heap   total reserved 4030464K, committed 606208K, used 1605K [0x000000070a000000, 0x0000000800000000)
  region size 2048K, 1 young (2048K), 1 survivors (2048K)
 Metaspace       used 1225K, committed 1408K, reserved 1114112K
  class space    used 100K, committed 192K, reserved 1048576K
}
Event: 38866.628 GC heap before
{Heap before GC invocations=2309 (full 0):
 garbage-first heap   total reserved 4030464K, committed 606208K, used 362053K [0x000000070a000000, 0x0000000800000000)
  region size 2048K, 177 young (362496K), 1 survivors (2048K)
 Metaspace       used 1225K, committed 1408K, reserved 1114112K
  class space    used 100K, committed 192K, reserved 1048576K
}
Event: 38866.630 GC heap after
{Heap after GC invocations=2310 (full 0):
 garbage-first heap   total reserved 4030464K, committed 606208K, used 1605K [0x000000070a000000, 0x0000000800000000)
  region size 2048K, 1 young (2048K), 1 survivors (2048K)
 Metaspace       used 1225K, committed 1408K, reserved 1114112K
  class space    used 100K, committed 192K, reserved 1048576K
}
Event: 38866.843 GC heap before
{Heap before GC invocations=2310 (full 0):
 garbage-first heap   total reserved 4030464K, committed 606208K, used 362053K [0x000000070a000000, 0x0000000800000000)
  region size 2048K, 177 young (362496K), 1 survivors (2048K)
 Metaspace       used 1225K, committed 1408K, reserved 1114112K
  class space    used 100K, committed 192K, reserved 1048576K
}
Event: 38866.845 GC heap after
{Heap after GC invocations=2311 (full 0):
 garbage-first heap   total reserved 4030464K, committed 606208K, used 1599K [0x000000070a000000, 0x0000000800000000)
  region size 2048K, 1 young (2048K), 1 survivors (2048K)
 Metaspace       used 1225K, committed 1408K, reserved 1114112K
  class space    used 100K, committed 192K, reserved 1048576K
}

